Compilation failed:
    source file: 'C:/Users/Jay/Documents/GitHub/blogProjectForjellojay/authServer/node_modules/opencv-build/opencv/opencv/cmake/checks/cpu_avx512.cpp'
    check option: '    '
===== BUILD LOG =====
Change Dir: C:/Users/Jay/Documents/GitHub/blogProjectForjellojay/authServer/node_modules/opencv-build/opencv/build/CMakeFiles/CMakeTmp

Run Build Command:"C:/Program Files (x86)/Microsoft Visual Studio/2017/Community/MSBuild/15.0/Bin/MSBuild.exe" "cmTC_7a96b.vcxproj" "/p:Configuration=Release" "/p:VisualStudioVersion=15.0"
.NET Framework용 Microsoft (R) Build Engine 버전 15.3.409.57025
Copyright (C) Microsoft Corporation. All rights reserved.

빌드 시작: 2018-10-29 오후 7:21:16
1 노드의 "C:\Users\Jay\Documents\GitHub\blogProjectForjellojay\authServer\node_modules\opencv-build\opencv\build\CMakeFiles\CMakeTmp\cmTC_7a96b.vcxproj" 프로젝트(기본 대상)입니다.
PrepareForBuild:
  "cmTC_7a96b.dir\Release\" 디렉터리를 만들고 있습니다.
  "C:\Users\Jay\Documents\GitHub\blogProjectForjellojay\authServer\node_modules\opencv-build\opencv\build\CMakeFiles\CMakeTmp\Release\" 디렉터리를 만들고 있습니다.
  "cmTC_7a96b.dir\Release\cmTC_7a96b.tlog\" 디렉터리를 만들고 있습니다.
InitializeBuildStatus:
  "AlwaysCreate"이(가) 지정되었기 때문에 "cmTC_7a96b.dir\Release\cmTC_7a96b.tlog\unsuccessfulbuild"을(를) 만들고 있습니다.
ClCompile:
  C:\Program Files (x86)\Microsoft Visual Studio\2017\Community\VC\Tools\MSVC\14.11.25503\bin\HostX86\x64\CL.exe /c /W3 /WX- /diagnostics:classic /O2 /Ob2 /D WIN32 /D _WINDOWS /D NDEBUG /D "CMAKE_INTDIR=\"Release\"" /D _MBCS /Gm- /EHsc /MD /GS /fp:precise /Zc:wchar_t /Zc:forScope /Zc:inline /GR /Fo"cmTC_7a96b.dir\Release\\" /Fd"cmTC_7a96b.dir\Release\vc141.pdb" /Gd /TP /errorReport:queue "C:\Users\Jay\Documents\GitHub\blogProjectForjellojay\authServer\node_modules\opencv-build\opencv\opencv\cmake\checks\cpu_avx512.cpp"
  Microsoft (R) C/C++ 최적화 컴파일러 버전 19.11.25508.2(x64)
  Copyright (c) Microsoft Corporation. All rights reserved.
  
  cl /c /W3 /WX- /diagnostics:classic /O2 /Ob2 /D WIN32 /D _WINDOWS /D NDEBUG /D "CMAKE_INTDIR=\"Release\"" /D _MBCS /Gm- /EHsc /MD /GS /fp:precise /Zc:wchar_t /Zc:forScope /Zc:inline /GR /Fo"cmTC_7a96b.dir\Release\\" /Fd"cmTC_7a96b.dir\Release\vc141.pdb" /Gd /TP /errorReport:queue "C:\Users\Jay\Documents\GitHub\blogProjectForjellojay\authServer\node_modules\opencv-build\opencv\opencv\cmake\checks\cpu_avx512.cpp"
  cpu_avx512.cpp
  
C:\Users\Jay\Documents\GitHub\blogProjectForjellojay\authServer\node_modules\opencv-build\opencv\opencv\cmake\checks\cpu_avx512.cpp(11): fatal error C1189: #error:  "AVX512 is not supported" [C:\Users\Jay\Documents\GitHub\blogProjectForjellojay\authServer\node_modules\opencv-build\opencv\build\CMakeFiles\CMakeTmp\cmTC_7a96b.vcxproj]
"C:\Users\Jay\Documents\GitHub\blogProjectForjellojay\authServer\node_modules\opencv-build\opencv\build\CMakeFiles\CMakeTmp\cmTC_7a96b.vcxproj" 프로젝트를 빌드했습니다(기본 대상). - 실패

빌드하지 못했습니다.

"C:\Users\Jay\Documents\GitHub\blogProjectForjellojay\authServer\node_modules\opencv-build\opencv\build\CMakeFiles\CMakeTmp\cmTC_7a96b.vcxproj"(기본 대상)(1)->
(ClCompile 대상) -> 
  C:\Users\Jay\Documents\GitHub\blogProjectForjellojay\authServer\node_modules\opencv-build\opencv\opencv\cmake\checks\cpu_avx512.cpp(11): fatal error C1189: #error:  "AVX512 is not supported" [C:\Users\Jay\Documents\GitHub\blogProjectForjellojay\authServer\node_modules\opencv-build\opencv\build\CMakeFiles\CMakeTmp\cmTC_7a96b.vcxproj]

    경고 0개
    오류 1개

경과 시간: 00:00:01.30

===== END =====

Compilation failed:
    source file: 'C:/Users/Jay/Documents/GitHub/blogProjectForjellojay/authServer/node_modules/opencv-build/opencv/opencv/cmake/checks/cpu_avx512skx.cpp'
    check option: '    '
===== BUILD LOG =====
Change Dir: C:/Users/Jay/Documents/GitHub/blogProjectForjellojay/authServer/node_modules/opencv-build/opencv/build/CMakeFiles/CMakeTmp

Run Build Command:"C:/Program Files (x86)/Microsoft Visual Studio/2017/Community/MSBuild/15.0/Bin/MSBuild.exe" "cmTC_80d3a.vcxproj" "/p:Configuration=Release" "/p:VisualStudioVersion=15.0"
.NET Framework용 Microsoft (R) Build Engine 버전 15.3.409.57025
Copyright (C) Microsoft Corporation. All rights reserved.

빌드 시작: 2018-10-29 오후 7:21:17
1 노드의 "C:\Users\Jay\Documents\GitHub\blogProjectForjellojay\authServer\node_modules\opencv-build\opencv\build\CMakeFiles\CMakeTmp\cmTC_80d3a.vcxproj" 프로젝트(기본 대상)입니다.
PrepareForBuild:
  "cmTC_80d3a.dir\Release\" 디렉터리를 만들고 있습니다.
  "C:\Users\Jay\Documents\GitHub\blogProjectForjellojay\authServer\node_modules\opencv-build\opencv\build\CMakeFiles\CMakeTmp\Release\" 디렉터리를 만들고 있습니다.
  "cmTC_80d3a.dir\Release\cmTC_80d3a.tlog\" 디렉터리를 만들고 있습니다.
InitializeBuildStatus:
  "AlwaysCreate"이(가) 지정되었기 때문에 "cmTC_80d3a.dir\Release\cmTC_80d3a.tlog\unsuccessfulbuild"을(를) 만들고 있습니다.
ClCompile:
  C:\Program Files (x86)\Microsoft Visual Studio\2017\Community\VC\Tools\MSVC\14.11.25503\bin\HostX86\x64\CL.exe /c /W3 /WX- /diagnostics:classic /O2 /Ob2 /D WIN32 /D _WINDOWS /D NDEBUG /D "CMAKE_INTDIR=\"Release\"" /D _MBCS /Gm- /EHsc /MD /GS /fp:precise /Zc:wchar_t /Zc:forScope /Zc:inline /GR /Fo"cmTC_80d3a.dir\Release\\" /Fd"cmTC_80d3a.dir\Release\vc141.pdb" /Gd /TP /errorReport:queue "C:\Users\Jay\Documents\GitHub\blogProjectForjellojay\authServer\node_modules\opencv-build\opencv\opencv\cmake\checks\cpu_avx512skx.cpp"
  Microsoft (R) C/C++ 최적화 컴파일러 버전 19.11.25508.2(x64)
  Copyright (c) Microsoft Corporation. All rights reserved.
  
  cl /c /W3 /WX- /diagnostics:classic /O2 /Ob2 /D WIN32 /D _WINDOWS /D NDEBUG /D "CMAKE_INTDIR=\"Release\"" /D _MBCS /Gm- /EHsc /MD /GS /fp:precise /Zc:wchar_t /Zc:forScope /Zc:inline /GR /Fo"cmTC_80d3a.dir\Release\\" /Fd"cmTC_80d3a.dir\Release\vc141.pdb" /Gd /TP /errorReport:queue "C:\Users\Jay\Documents\GitHub\blogProjectForjellojay\authServer\node_modules\opencv-build\opencv\opencv\cmake\checks\cpu_avx512skx.cpp"
  cpu_avx512skx.cpp
  
C:\Users\Jay\Documents\GitHub\blogProjectForjellojay\authServer\node_modules\opencv-build\opencv\opencv\cmake\checks\cpu_avx512skx.cpp(15): fatal error C1189: #error:  "AVX512-SKX is not supported" [C:\Users\Jay\Documents\GitHub\blogProjectForjellojay\authServer\node_modules\opencv-build\opencv\build\CMakeFiles\CMakeTmp\cmTC_80d3a.vcxproj]
"C:\Users\Jay\Documents\GitHub\blogProjectForjellojay\authServer\node_modules\opencv-build\opencv\build\CMakeFiles\CMakeTmp\cmTC_80d3a.vcxproj" 프로젝트를 빌드했습니다(기본 대상). - 실패

빌드하지 못했습니다.

"C:\Users\Jay\Documents\GitHub\blogProjectForjellojay\authServer\node_modules\opencv-build\opencv\build\CMakeFiles\CMakeTmp\cmTC_80d3a.vcxproj"(기본 대상)(1)->
(ClCompile 대상) -> 
  C:\Users\Jay\Documents\GitHub\blogProjectForjellojay\authServer\node_modules\opencv-build\opencv\opencv\cmake\checks\cpu_avx512skx.cpp(15): fatal error C1189: #error:  "AVX512-SKX is not supported" [C:\Users\Jay\Documents\GitHub\blogProjectForjellojay\authServer\node_modules\opencv-build\opencv\build\CMakeFiles\CMakeTmp\cmTC_80d3a.vcxproj]

    경고 0개
    오류 1개

경과 시간: 00:00:01.33

===== END =====

Determining if the function fseeko exists failed with the following output:
Change Dir: C:/Users/Jay/Documents/GitHub/blogProjectForjellojay/authServer/node_modules/opencv-build/opencv/build/CMakeFiles/CMakeTmp

Run Build Command:"C:/Program Files (x86)/Microsoft Visual Studio/2017/Community/MSBuild/15.0/Bin/MSBuild.exe" "cmTC_6c2ea.vcxproj" "/p:Configuration=Release" "/p:VisualStudioVersion=15.0"
.NET Framework용 Microsoft (R) Build Engine 버전 15.3.409.57025
Copyright (C) Microsoft Corporation. All rights reserved.

빌드 시작: 2018-10-29 오후 7:21:51
1 노드의 "C:\Users\Jay\Documents\GitHub\blogProjectForjellojay\authServer\node_modules\opencv-build\opencv\build\CMakeFiles\CMakeTmp\cmTC_6c2ea.vcxproj" 프로젝트(기본 대상)입니다.
PrepareForBuild:
  "cmTC_6c2ea.dir\Release\" 디렉터리를 만들고 있습니다.
  "C:\Users\Jay\Documents\GitHub\blogProjectForjellojay\authServer\node_modules\opencv-build\opencv\build\CMakeFiles\CMakeTmp\Release\" 디렉터리를 만들고 있습니다.
  "cmTC_6c2ea.dir\Release\cmTC_6c2ea.tlog\" 디렉터리를 만들고 있습니다.
InitializeBuildStatus:
  "AlwaysCreate"이(가) 지정되었기 때문에 "cmTC_6c2ea.dir\Release\cmTC_6c2ea.tlog\unsuccessfulbuild"을(를) 만들고 있습니다.
ClCompile:
  C:\Program Files (x86)\Microsoft Visual Studio\2017\Community\VC\Tools\MSVC\14.11.25503\bin\HostX86\x64\CL.exe /c /W3 /WX- /diagnostics:classic /MP8 /O2 /Ob2 /Oi /D WIN32 /D _WINDOWS /D _CRT_SECURE_NO_DEPRECATE /D _CRT_NONSTDC_NO_DEPRECATE /D _SCL_SECURE_NO_WARNINGS /D CHECK_FUNCTION_EXISTS=fseeko /D NDEBUG /D "CMAKE_INTDIR=\"Release\"" /D _MBCS /Gm- /MD /GS /Gy /fp:precise /Zc:wchar_t /Zc:forScope /Zc:inline /Fo"cmTC_6c2ea.dir\Release\\" /Fd"cmTC_6c2ea.dir\Release\vc141.pdb" /Gd /TC /errorReport:queue  /bigobj "C:\Program Files\CMake\share\cmake-3.11\Modules\CheckFunctionExists.c"
  Microsoft (R) C/C++ 최적화 컴파일러 버전 19.11.25508.2(x64)
  Copyright (c) Microsoft Corporation. All rights reserved.
  
  cl /c /W3 /WX- /diagnostics:classic /MP8 /O2 /Ob2 /Oi /D WIN32 /D _WINDOWS /D _CRT_SECURE_NO_DEPRECATE /D _CRT_NONSTDC_NO_DEPRECATE /D _SCL_SECURE_NO_WARNINGS /D CHECK_FUNCTION_EXISTS=fseeko /D NDEBUG /D "CMAKE_INTDIR=\"Release\"" /D _MBCS /Gm- /MD /GS /Gy /fp:precise /Zc:wchar_t /Zc:forScope /Zc:inline /Fo"cmTC_6c2ea.dir\Release\\" /Fd"cmTC_6c2ea.dir\Release\vc141.pdb" /Gd /TC /errorReport:queue  /bigobj "C:\Program Files\CMake\share\cmake-3.11\Modules\CheckFunctionExists.c"
  CheckFunctionExists.c
  
Link:
  C:\Program Files (x86)\Microsoft Visual Studio\2017\Community\VC\Tools\MSVC\14.11.25503\bin\HostX86\x64\link.exe /ERRORREPORT:QUEUE /OUT:"C:\Users\Jay\Documents\GitHub\blogProjectForjellojay\authServer\node_modules\opencv-build\opencv\build\CMakeFiles\CMakeTmp\Release\cmTC_6c2ea.exe" /INCREMENTAL:NO /NOLOGO kernel32.lib user32.lib gdi32.lib winspool.lib shell32.lib ole32.lib oleaut32.lib uuid.lib comdlg32.lib advapi32.lib /MANIFEST /MANIFESTUAC:"level='asInvoker' uiAccess='false'" /manifest:embed /PDB:"C:/Users/Jay/Documents/GitHub/blogProjectForjellojay/authServer/node_modules/opencv-build/opencv/build/CMakeFiles/CMakeTmp/Release/cmTC_6c2ea.pdb" /SUBSYSTEM:CONSOLE /TLBID:1 /DYNAMICBASE /NXCOMPAT /IMPLIB:"C:/Users/Jay/Documents/GitHub/blogProjectForjellojay/authServer/node_modules/opencv-build/opencv/build/CMakeFiles/CMakeTmp/Release/cmTC_6c2ea.lib" /MACHINE:X64  /machine:x64 cmTC_6c2ea.dir\Release\CheckFunctionExists.obj
CheckFunctionExists.obj : error LNK2019: fseeko 외부 기호(참조 위치: main 함수)에서 확인하지 못했습니다. [C:\Users\Jay\Documents\GitHub\blogProjectForjellojay\authServer\node_modules\opencv-build\opencv\build\CMakeFiles\CMakeTmp\cmTC_6c2ea.vcxproj]
C:\Users\Jay\Documents\GitHub\blogProjectForjellojay\authServer\node_modules\opencv-build\opencv\build\CMakeFiles\CMakeTmp\Release\cmTC_6c2ea.exe : fatal error LNK1120: 1개의 확인할 수 없는 외부 참조입니다. [C:\Users\Jay\Documents\GitHub\blogProjectForjellojay\authServer\node_modules\opencv-build\opencv\build\CMakeFiles\CMakeTmp\cmTC_6c2ea.vcxproj]
"C:\Users\Jay\Documents\GitHub\blogProjectForjellojay\authServer\node_modules\opencv-build\opencv\build\CMakeFiles\CMakeTmp\cmTC_6c2ea.vcxproj" 프로젝트를 빌드했습니다(기본 대상). - 실패

빌드하지 못했습니다.

"C:\Users\Jay\Documents\GitHub\blogProjectForjellojay\authServer\node_modules\opencv-build\opencv\build\CMakeFiles\CMakeTmp\cmTC_6c2ea.vcxproj"(기본 대상)(1)->
(Link 대상) -> 
  CheckFunctionExists.obj : error LNK2019: fseeko 외부 기호(참조 위치: main 함수)에서 확인하지 못했습니다. [C:\Users\Jay\Documents\GitHub\blogProjectForjellojay\authServer\node_modules\opencv-build\opencv\build\CMakeFiles\CMakeTmp\cmTC_6c2ea.vcxproj]
  C:\Users\Jay\Documents\GitHub\blogProjectForjellojay\authServer\node_modules\opencv-build\opencv\build\CMakeFiles\CMakeTmp\Release\cmTC_6c2ea.exe : fatal error LNK1120: 1개의 확인할 수 없는 외부 참조입니다. [C:\Users\Jay\Documents\GitHub\blogProjectForjellojay\authServer\node_modules\opencv-build\opencv\build\CMakeFiles\CMakeTmp\cmTC_6c2ea.vcxproj]

    경고 0개
    오류 2개

경과 시간: 00:00:01.77


Determining size of off64_t failed with the following output:
Change Dir: C:/Users/Jay/Documents/GitHub/blogProjectForjellojay/authServer/node_modules/opencv-build/opencv/build/CMakeFiles/CMakeTmp

Run Build Command:"C:/Program Files (x86)/Microsoft Visual Studio/2017/Community/MSBuild/15.0/Bin/MSBuild.exe" "cmTC_57abc.vcxproj" "/p:Configuration=Release" "/p:VisualStudioVersion=15.0"
.NET Framework용 Microsoft (R) Build Engine 버전 15.3.409.57025
Copyright (C) Microsoft Corporation. All rights reserved.

빌드 시작: 2018-10-29 오후 7:21:53
1 노드의 "C:\Users\Jay\Documents\GitHub\blogProjectForjellojay\authServer\node_modules\opencv-build\opencv\build\CMakeFiles\CMakeTmp\cmTC_57abc.vcxproj" 프로젝트(기본 대상)입니다.
PrepareForBuild:
  "cmTC_57abc.dir\Release\" 디렉터리를 만들고 있습니다.
  "C:\Users\Jay\Documents\GitHub\blogProjectForjellojay\authServer\node_modules\opencv-build\opencv\build\CMakeFiles\CMakeTmp\Release\" 디렉터리를 만들고 있습니다.
  "cmTC_57abc.dir\Release\cmTC_57abc.tlog\" 디렉터리를 만들고 있습니다.
InitializeBuildStatus:
  "AlwaysCreate"이(가) 지정되었기 때문에 "cmTC_57abc.dir\Release\cmTC_57abc.tlog\unsuccessfulbuild"을(를) 만들고 있습니다.
ClCompile:
  C:\Program Files (x86)\Microsoft Visual Studio\2017\Community\VC\Tools\MSVC\14.11.25503\bin\HostX86\x64\CL.exe /c /W3 /WX- /diagnostics:classic /MP8 /O2 /Ob2 /Oi /D WIN32 /D _WINDOWS /D _CRT_SECURE_NO_DEPRECATE /D _CRT_NONSTDC_NO_DEPRECATE /D _SCL_SECURE_NO_WARNINGS /D NDEBUG /D "CMAKE_INTDIR=\"Release\"" /D _MBCS /Gm- /MD /GS /Gy /fp:precise /Zc:wchar_t /Zc:forScope /Zc:inline /Fo"cmTC_57abc.dir\Release\\" /Fd"cmTC_57abc.dir\Release\vc141.pdb" /Gd /TC /errorReport:queue  /bigobj "C:\Users\Jay\Documents\GitHub\blogProjectForjellojay\authServer\node_modules\opencv-build\opencv\build\CMakeFiles\CheckTypeSize\OFF64_T.c"
  Microsoft (R) C/C++ 최적화 컴파일러 버전 19.11.25508.2(x64)
  Copyright (c) Microsoft Corporation. All rights reserved.
  
  cl /c /W3 /WX- /diagnostics:classic /MP8 /O2 /Ob2 /Oi /D WIN32 /D _WINDOWS /D _CRT_SECURE_NO_DEPRECATE /D _CRT_NONSTDC_NO_DEPRECATE /D _SCL_SECURE_NO_WARNINGS /D NDEBUG /D "CMAKE_INTDIR=\"Release\"" /D _MBCS /Gm- /MD /GS /Gy /fp:precise /Zc:wchar_t /Zc:forScope /Zc:inline /Fo"cmTC_57abc.dir\Release\\" /Fd"cmTC_57abc.dir\Release\vc141.pdb" /Gd /TC /errorReport:queue  /bigobj "C:\Users\Jay\Documents\GitHub\blogProjectForjellojay\authServer\node_modules\opencv-build\opencv\build\CMakeFiles\CheckTypeSize\OFF64_T.c"
  OFF64_T.c
  
C:\Users\Jay\Documents\GitHub\blogProjectForjellojay\authServer\node_modules\opencv-build\opencv\build\CMakeFiles\CheckTypeSize\OFF64_T.c(25): error C2065: 'off64_t': 선언되지 않은 식별자입니다. [C:\Users\Jay\Documents\GitHub\blogProjectForjellojay\authServer\node_modules\opencv-build\opencv\build\CMakeFiles\CMakeTmp\cmTC_57abc.vcxproj]
C:\Users\Jay\Documents\GitHub\blogProjectForjellojay\authServer\node_modules\opencv-build\opencv\build\CMakeFiles\CheckTypeSize\OFF64_T.c(26): error C2065: 'off64_t': 선언되지 않은 식별자입니다. [C:\Users\Jay\Documents\GitHub\blogProjectForjellojay\authServer\node_modules\opencv-build\opencv\build\CMakeFiles\CMakeTmp\cmTC_57abc.vcxproj]
C:\Users\Jay\Documents\GitHub\blogProjectForjellojay\authServer\node_modules\opencv-build\opencv\build\CMakeFiles\CheckTypeSize\OFF64_T.c(27): error C2065: 'off64_t': 선언되지 않은 식별자입니다. [C:\Users\Jay\Documents\GitHub\blogProjectForjellojay\authServer\node_modules\opencv-build\opencv\build\CMakeFiles\CMakeTmp\cmTC_57abc.vcxproj]
C:\Users\Jay\Documents\GitHub\blogProjectForjellojay\authServer\node_modules\opencv-build\opencv\build\CMakeFiles\CheckTypeSize\OFF64_T.c(28): error C2065: 'off64_t': 선언되지 않은 식별자입니다. [C:\Users\Jay\Documents\GitHub\blogProjectForjellojay\authServer\node_modules\opencv-build\opencv\build\CMakeFiles\CMakeTmp\cmTC_57abc.vcxproj]
C:\Users\Jay\Documents\GitHub\blogProjectForjellojay\authServer\node_modules\opencv-build\opencv\build\CMakeFiles\CheckTypeSize\OFF64_T.c(29): error C2065: 'off64_t': 선언되지 않은 식별자입니다. [C:\Users\Jay\Documents\GitHub\blogProjectForjellojay\authServer\node_modules\opencv-build\opencv\build\CMakeFiles\CMakeTmp\cmTC_57abc.vcxproj]
"C:\Users\Jay\Documents\GitHub\blogProjectForjellojay\authServer\node_modules\opencv-build\opencv\build\CMakeFiles\CMakeTmp\cmTC_57abc.vcxproj" 프로젝트를 빌드했습니다(기본 대상). - 실패

빌드하지 못했습니다.

"C:\Users\Jay\Documents\GitHub\blogProjectForjellojay\authServer\node_modules\opencv-build\opencv\build\CMakeFiles\CMakeTmp\cmTC_57abc.vcxproj"(기본 대상)(1)->
(ClCompile 대상) -> 
  C:\Users\Jay\Documents\GitHub\blogProjectForjellojay\authServer\node_modules\opencv-build\opencv\build\CMakeFiles\CheckTypeSize\OFF64_T.c(25): error C2065: 'off64_t': 선언되지 않은 식별자입니다. [C:\Users\Jay\Documents\GitHub\blogProjectForjellojay\authServer\node_modules\opencv-build\opencv\build\CMakeFiles\CMakeTmp\cmTC_57abc.vcxproj]
  C:\Users\Jay\Documents\GitHub\blogProjectForjellojay\authServer\node_modules\opencv-build\opencv\build\CMakeFiles\CheckTypeSize\OFF64_T.c(26): error C2065: 'off64_t': 선언되지 않은 식별자입니다. [C:\Users\Jay\Documents\GitHub\blogProjectForjellojay\authServer\node_modules\opencv-build\opencv\build\CMakeFiles\CMakeTmp\cmTC_57abc.vcxproj]
  C:\Users\Jay\Documents\GitHub\blogProjectForjellojay\authServer\node_modules\opencv-build\opencv\build\CMakeFiles\CheckTypeSize\OFF64_T.c(27): error C2065: 'off64_t': 선언되지 않은 식별자입니다. [C:\Users\Jay\Documents\GitHub\blogProjectForjellojay\authServer\node_modules\opencv-build\opencv\build\CMakeFiles\CMakeTmp\cmTC_57abc.vcxproj]
  C:\Users\Jay\Documents\GitHub\blogProjectForjellojay\authServer\node_modules\opencv-build\opencv\build\CMakeFiles\CheckTypeSize\OFF64_T.c(28): error C2065: 'off64_t': 선언되지 않은 식별자입니다. [C:\Users\Jay\Documents\GitHub\blogProjectForjellojay\authServer\node_modules\opencv-build\opencv\build\CMakeFiles\CMakeTmp\cmTC_57abc.vcxproj]
  C:\Users\Jay\Documents\GitHub\blogProjectForjellojay\authServer\node_modules\opencv-build\opencv\build\CMakeFiles\CheckTypeSize\OFF64_T.c(29): error C2065: 'off64_t': 선언되지 않은 식별자입니다. [C:\Users\Jay\Documents\GitHub\blogProjectForjellojay\authServer\node_modules\opencv-build\opencv\build\CMakeFiles\CMakeTmp\cmTC_57abc.vcxproj]

    경고 0개
    오류 5개

경과 시간: 00:00:01.32

C:/Users/Jay/Documents/GitHub/blogProjectForjellojay/authServer/node_modules/opencv-build/opencv/build/CMakeFiles/CheckTypeSize/OFF64_T.c:
#include <sys/types.h>
#include <stdint.h>
#include <stddef.h>


#undef KEY
#if defined(__i386)
# define KEY '_','_','i','3','8','6'
#elif defined(__x86_64)
# define KEY '_','_','x','8','6','_','6','4'
#elif defined(__ppc__)
# define KEY '_','_','p','p','c','_','_'
#elif defined(__ppc64__)
# define KEY '_','_','p','p','c','6','4','_','_'
#elif defined(__aarch64__)
# define KEY '_','_','a','a','r','c','h','6','4','_','_'
#elif defined(__ARM_ARCH_7A__)
# define KEY '_','_','A','R','M','_','A','R','C','H','_','7','A','_','_'
#elif defined(__ARM_ARCH_7S__)
# define KEY '_','_','A','R','M','_','A','R','C','H','_','7','S','_','_'
#endif

#define SIZE (sizeof(off64_t))
char info_size[] =  {'I', 'N', 'F', 'O', ':', 's','i','z','e','[',
  ('0' + ((SIZE / 10000)%10)),
  ('0' + ((SIZE / 1000)%10)),
  ('0' + ((SIZE / 100)%10)),
  ('0' + ((SIZE / 10)%10)),
  ('0' +  (SIZE    % 10)),
  ']',
#ifdef KEY
  ' ','k','e','y','[', KEY, ']',
#endif
  '\0'};

#ifdef __CLASSIC_C__
int main(argc, argv) int argc; char *argv[];
#else
int main(int argc, char *argv[])
#endif
{
  int require = 0;
  require += info_size[argc];
  (void)argv;
  return require;
}


Determining if the function strcasecmp exists failed with the following output:
Change Dir: C:/Users/Jay/Documents/GitHub/blogProjectForjellojay/authServer/node_modules/opencv-build/opencv/build/CMakeFiles/CMakeTmp

Run Build Command:"C:/Program Files (x86)/Microsoft Visual Studio/2017/Community/MSBuild/15.0/Bin/MSBuild.exe" "cmTC_3de0b.vcxproj" "/p:Configuration=Release" "/p:VisualStudioVersion=15.0"
.NET Framework용 Microsoft (R) Build Engine 버전 15.3.409.57025
Copyright (C) Microsoft Corporation. All rights reserved.

빌드 시작: 2018-10-29 오후 7:22:47
1 노드의 "C:\Users\Jay\Documents\GitHub\blogProjectForjellojay\authServer\node_modules\opencv-build\opencv\build\CMakeFiles\CMakeTmp\cmTC_3de0b.vcxproj" 프로젝트(기본 대상)입니다.
PrepareForBuild:
  "cmTC_3de0b.dir\Release\" 디렉터리를 만들고 있습니다.
  "C:\Users\Jay\Documents\GitHub\blogProjectForjellojay\authServer\node_modules\opencv-build\opencv\build\CMakeFiles\CMakeTmp\Release\" 디렉터리를 만들고 있습니다.
  "cmTC_3de0b.dir\Release\cmTC_3de0b.tlog\" 디렉터리를 만들고 있습니다.
InitializeBuildStatus:
  "AlwaysCreate"이(가) 지정되었기 때문에 "cmTC_3de0b.dir\Release\cmTC_3de0b.tlog\unsuccessfulbuild"을(를) 만들고 있습니다.
ClCompile:
  C:\Program Files (x86)\Microsoft Visual Studio\2017\Community\VC\Tools\MSVC\14.11.25503\bin\HostX86\x64\CL.exe /c /W3 /WX- /diagnostics:classic /MP8 /O2 /Ob2 /Oi /D WIN32 /D _WINDOWS /D _CRT_SECURE_NO_DEPRECATE /D _CRT_NONSTDC_NO_DEPRECATE /D _SCL_SECURE_NO_WARNINGS /D CHECK_FUNCTION_EXISTS=strcasecmp /D NDEBUG /D "CMAKE_INTDIR=\"Release\"" /D _MBCS /Gm- /MD /GS /Gy /fp:precise /Zc:wchar_t /Zc:forScope /Zc:inline /Fo"cmTC_3de0b.dir\Release\\" /Fd"cmTC_3de0b.dir\Release\vc141.pdb" /Gd /TC /errorReport:queue  /bigobj "C:\Program Files\CMake\share\cmake-3.11\Modules\CheckFunctionExists.c"
  Microsoft (R) C/C++ 최적화 컴파일러 버전 19.11.25508.2(x64)
  Copyright (c) Microsoft Corporation. All rights reserved.
  
  cl /c /W3 /WX- /diagnostics:classic /MP8 /O2 /Ob2 /Oi /D WIN32 /D _WINDOWS /D _CRT_SECURE_NO_DEPRECATE /D _CRT_NONSTDC_NO_DEPRECATE /D _SCL_SECURE_NO_WARNINGS /D CHECK_FUNCTION_EXISTS=strcasecmp /D NDEBUG /D "CMAKE_INTDIR=\"Release\"" /D _MBCS /Gm- /MD /GS /Gy /fp:precise /Zc:wchar_t /Zc:forScope /Zc:inline /Fo"cmTC_3de0b.dir\Release\\" /Fd"cmTC_3de0b.dir\Release\vc141.pdb" /Gd /TC /errorReport:queue  /bigobj "C:\Program Files\CMake\share\cmake-3.11\Modules\CheckFunctionExists.c"
  CheckFunctionExists.c
  
Link:
  C:\Program Files (x86)\Microsoft Visual Studio\2017\Community\VC\Tools\MSVC\14.11.25503\bin\HostX86\x64\link.exe /ERRORREPORT:QUEUE /OUT:"C:\Users\Jay\Documents\GitHub\blogProjectForjellojay\authServer\node_modules\opencv-build\opencv\build\CMakeFiles\CMakeTmp\Release\cmTC_3de0b.exe" /INCREMENTAL:NO /NOLOGO kernel32.lib user32.lib gdi32.lib winspool.lib shell32.lib ole32.lib oleaut32.lib uuid.lib comdlg32.lib advapi32.lib /MANIFEST /MANIFESTUAC:"level='asInvoker' uiAccess='false'" /manifest:embed /PDB:"C:/Users/Jay/Documents/GitHub/blogProjectForjellojay/authServer/node_modules/opencv-build/opencv/build/CMakeFiles/CMakeTmp/Release/cmTC_3de0b.pdb" /SUBSYSTEM:CONSOLE /TLBID:1 /DYNAMICBASE /NXCOMPAT /IMPLIB:"C:/Users/Jay/Documents/GitHub/blogProjectForjellojay/authServer/node_modules/opencv-build/opencv/build/CMakeFiles/CMakeTmp/Release/cmTC_3de0b.lib" /MACHINE:X64  /machine:x64 cmTC_3de0b.dir\Release\CheckFunctionExists.obj
CheckFunctionExists.obj : error LNK2019: strcasecmp 외부 기호(참조 위치: main 함수)에서 확인하지 못했습니다. [C:\Users\Jay\Documents\GitHub\blogProjectForjellojay\authServer\node_modules\opencv-build\opencv\build\CMakeFiles\CMakeTmp\cmTC_3de0b.vcxproj]
C:\Users\Jay\Documents\GitHub\blogProjectForjellojay\authServer\node_modules\opencv-build\opencv\build\CMakeFiles\CMakeTmp\Release\cmTC_3de0b.exe : fatal error LNK1120: 1개의 확인할 수 없는 외부 참조입니다. [C:\Users\Jay\Documents\GitHub\blogProjectForjellojay\authServer\node_modules\opencv-build\opencv\build\CMakeFiles\CMakeTmp\cmTC_3de0b.vcxproj]
"C:\Users\Jay\Documents\GitHub\blogProjectForjellojay\authServer\node_modules\opencv-build\opencv\build\CMakeFiles\CMakeTmp\cmTC_3de0b.vcxproj" 프로젝트를 빌드했습니다(기본 대상). - 실패

빌드하지 못했습니다.

"C:\Users\Jay\Documents\GitHub\blogProjectForjellojay\authServer\node_modules\opencv-build\opencv\build\CMakeFiles\CMakeTmp\cmTC_3de0b.vcxproj"(기본 대상)(1)->
(Link 대상) -> 
  CheckFunctionExists.obj : error LNK2019: strcasecmp 외부 기호(참조 위치: main 함수)에서 확인하지 못했습니다. [C:\Users\Jay\Documents\GitHub\blogProjectForjellojay\authServer\node_modules\opencv-build\opencv\build\CMakeFiles\CMakeTmp\cmTC_3de0b.vcxproj]
  C:\Users\Jay\Documents\GitHub\blogProjectForjellojay\authServer\node_modules\opencv-build\opencv\build\CMakeFiles\CMakeTmp\Release\cmTC_3de0b.exe : fatal error LNK1120: 1개의 확인할 수 없는 외부 참조입니다. [C:\Users\Jay\Documents\GitHub\blogProjectForjellojay\authServer\node_modules\opencv-build\opencv\build\CMakeFiles\CMakeTmp\cmTC_3de0b.vcxproj]

    경고 0개
    오류 2개

경과 시간: 00:00:01.55


Determining if the include file pthread.h exists failed with the following output:
Change Dir: C:/Users/Jay/Documents/GitHub/blogProjectForjellojay/authServer/node_modules/opencv-build/opencv/build/CMakeFiles/CMakeTmp

Run Build Command:"C:/Program Files (x86)/Microsoft Visual Studio/2017/Community/MSBuild/15.0/Bin/MSBuild.exe" "cmTC_93e6e.vcxproj" "/p:Configuration=Release" "/p:VisualStudioVersion=15.0"
.NET Framework용 Microsoft (R) Build Engine 버전 15.3.409.57025
Copyright (C) Microsoft Corporation. All rights reserved.

빌드 시작: 2018-10-29 오후 7:24:02
1 노드의 "C:\Users\Jay\Documents\GitHub\blogProjectForjellojay\authServer\node_modules\opencv-build\opencv\build\CMakeFiles\CMakeTmp\cmTC_93e6e.vcxproj" 프로젝트(기본 대상)입니다.
PrepareForBuild:
  "cmTC_93e6e.dir\Release\" 디렉터리를 만들고 있습니다.
  "C:\Users\Jay\Documents\GitHub\blogProjectForjellojay\authServer\node_modules\opencv-build\opencv\build\CMakeFiles\CMakeTmp\Release\" 디렉터리를 만들고 있습니다.
  "cmTC_93e6e.dir\Release\cmTC_93e6e.tlog\" 디렉터리를 만들고 있습니다.
InitializeBuildStatus:
  "AlwaysCreate"이(가) 지정되었기 때문에 "cmTC_93e6e.dir\Release\cmTC_93e6e.tlog\unsuccessfulbuild"을(를) 만들고 있습니다.
ClCompile:
  C:\Program Files (x86)\Microsoft Visual Studio\2017\Community\VC\Tools\MSVC\14.11.25503\bin\HostX86\x64\CL.exe /c /W3 /WX- /diagnostics:classic /MP8 /O2 /Ob2 /Oi /D WIN32 /D _WINDOWS /D _CRT_SECURE_NO_DEPRECATE /D _CRT_NONSTDC_NO_DEPRECATE /D _SCL_SECURE_NO_WARNINGS /D NDEBUG /D "CMAKE_INTDIR=\"Release\"" /D _MBCS /Gm- /MD /GS /Gy /fp:precise /Zc:wchar_t /Zc:forScope /Zc:inline /Fo"cmTC_93e6e.dir\Release\\" /Fd"cmTC_93e6e.dir\Release\vc141.pdb" /Gd /TC /errorReport:queue  /bigobj "C:\Users\Jay\Documents\GitHub\blogProjectForjellojay\authServer\node_modules\opencv-build\opencv\build\CMakeFiles\CMakeTmp\CheckIncludeFile.c"
  Microsoft (R) C/C++ 최적화 컴파일러 버전 19.11.25508.2(x64)
  Copyright (c) Microsoft Corporation. All rights reserved.
  
  cl /c /W3 /WX- /diagnostics:classic /MP8 /O2 /Ob2 /Oi /D WIN32 /D _WINDOWS /D _CRT_SECURE_NO_DEPRECATE /D _CRT_NONSTDC_NO_DEPRECATE /D _SCL_SECURE_NO_WARNINGS /D NDEBUG /D "CMAKE_INTDIR=\"Release\"" /D _MBCS /Gm- /MD /GS /Gy /fp:precise /Zc:wchar_t /Zc:forScope /Zc:inline /Fo"cmTC_93e6e.dir\Release\\" /Fd"cmTC_93e6e.dir\Release\vc141.pdb" /Gd /TC /errorReport:queue  /bigobj "C:\Users\Jay\Documents\GitHub\blogProjectForjellojay\authServer\node_modules\opencv-build\opencv\build\CMakeFiles\CMakeTmp\CheckIncludeFile.c"
  CheckIncludeFile.c
  
C:\Users\Jay\Documents\GitHub\blogProjectForjellojay\authServer\node_modules\opencv-build\opencv\build\CMakeFiles\CMakeTmp\CheckIncludeFile.c(1): fatal error C1083: 포함 파일을 열 수 없습니다. 'pthread.h': No such file or directory [C:\Users\Jay\Documents\GitHub\blogProjectForjellojay\authServer\node_modules\opencv-build\opencv\build\CMakeFiles\CMakeTmp\cmTC_93e6e.vcxproj]
"C:\Users\Jay\Documents\GitHub\blogProjectForjellojay\authServer\node_modules\opencv-build\opencv\build\CMakeFiles\CMakeTmp\cmTC_93e6e.vcxproj" 프로젝트를 빌드했습니다(기본 대상). - 실패

빌드하지 못했습니다.

"C:\Users\Jay\Documents\GitHub\blogProjectForjellojay\authServer\node_modules\opencv-build\opencv\build\CMakeFiles\CMakeTmp\cmTC_93e6e.vcxproj"(기본 대상)(1)->
(ClCompile 대상) -> 
  C:\Users\Jay\Documents\GitHub\blogProjectForjellojay\authServer\node_modules\opencv-build\opencv\build\CMakeFiles\CMakeTmp\CheckIncludeFile.c(1): fatal error C1083: 포함 파일을 열 수 없습니다. 'pthread.h': No such file or directory [C:\Users\Jay\Documents\GitHub\blogProjectForjellojay\authServer\node_modules\opencv-build\opencv\build\CMakeFiles\CMakeTmp\cmTC_93e6e.vcxproj]

    경고 0개
    오류 1개

경과 시간: 00:00:01.24


